 *** Tue Oct 06 20:58:34 2009 *** 

Initialising JA2 sound manager
	Using 16 channels
Init hardware...
	Using DirectSound driver: Primary Sound Driver
	Driver capabilities:
		- supports hardware accelerated 3d sound
		- supports EAX 2 reverb
	FMOD started
	Mixing rate: 44100
Init cache...
	Using 128 cache slots
	Sound memory limit = 8241152
	Cache threshold = 2054144
	Stopping all sounds
	Stopping all sounds
Closing sound system...
	Stopping all sounds
Cleaning cache
	Stopping all sounds
Cache shutdown
	FMOD closed
JA2 sound manager shutdown

 *** Tue Oct 06 20:58:48 2009 *** 

Initialising JA2 sound manager
	Using 16 channels
Init hardware...
	Using DirectSound driver: Primary Sound Driver
	Driver capabilities:
		- supports hardware accelerated 3d sound
		- supports EAX 2 reverb
	FMOD started
	Mixing rate: 44100
Init cache...
	Using 128 cache slots
	Sound memory limit = 8241152
	Cache threshold = 2054144
	Stopping all sounds
	Stopping all sounds
Closing sound system...
	Stopping all sounds
Cleaning cache
	Stopping all sounds
Cache shutdown
	FMOD closed
JA2 sound manager shutdown

 *** Tue Oct 06 20:59:06 2009 *** 

Initialising JA2 sound manager
	Using 16 channels
Init hardware...
	Using DirectSound driver: Primary Sound Driver
	Driver capabilities:
		- supports hardware accelerated 3d sound
		- supports EAX 2 reverb
	FMOD started
	Mixing rate: 44100
Init cache...
	Using 128 cache slots
	Sound memory limit = 8241152
	Cache threshold = 2054144
	Stopping all sounds
	Stopping all sounds
Closing sound system...
	Stopping all sounds
Cleaning cache
	Stopping all sounds
Cache shutdown
	FMOD closed
JA2 sound manager shutdown

 *** Tue Oct 06 20:59:36 2009 *** 

Initialising JA2 sound manager
	Using 16 channels
Init hardware...
	Using DirectSound driver: Primary Sound Driver
	Driver capabilities:
		- supports hardware accelerated 3d sound
		- supports EAX 2 reverb
	FMOD started
	Mixing rate: 44100
Init cache...
	Using 128 cache slots
	Sound memory limit = 8241152
	Cache threshold = 2054144
	Stopping all sounds
	Stopping all sounds
Closing sound system...
	Stopping all sounds
Cleaning cache
	Stopping all sounds
Cache shutdown
	FMOD closed
JA2 sound manager shutdown

 *** Tue Oct 06 21:00:10 2009 *** 

Initialising JA2 sound manager
	Using 16 channels
Init hardware...
	Using DirectSound driver: Primary Sound Driver
	Driver capabilities:
		- supports hardware accelerated 3d sound
		- supports EAX 2 reverb
	FMOD started
	Mixing rate: 44100
Init cache...
	Using 128 cache slots
	Sound memory limit = 8241152
	Cache threshold = 2054144
	Stopping all sounds
	Stopping all sounds
Closing sound system...
	Stopping all sounds
Cleaning cache
	Stopping all sounds
Cache shutdown
	FMOD closed
JA2 sound manager shutdown

 *** Tue Oct 06 21:01:01 2009 *** 

Initialising JA2 sound manager
	Using 16 channels
Init hardware...
	Using DirectSound driver: Primary Sound Driver
	Driver capabilities:
		- supports hardware accelerated 3d sound
		- supports EAX 2 reverb
	FMOD started
	Mixing rate: 44100
Init cache...
	Using 128 cache slots
	Sound memory limit = 8241152
	Cache threshold = 2054144
	Stopping all sounds
	Stopping all sounds
	Stopping all sounds
	Stopping all sounds
Closing sound system...
	Stopping all sounds
Cleaning cache
	Stopping all sounds
Cache shutdown
	FMOD closed
JA2 sound manager shutdown

 *** Wed Oct 07 19:26:00 2009 *** 

Initialising JA2 sound manager
	Using 16 channels
Init hardware...
	Using DirectSound driver: Primary Sound Driver
	Driver capabilities:
		- supports hardware accelerated 3d sound
		- supports EAX 2 reverb
	FMOD started
	Mixing rate: 44100
Init cache...
	Using 128 cache slots
	Sound memory limit = 8241152
	Cache threshold = 2054144
	Stopping all sounds
	Stopping all sounds
	Stopping all sounds
	Stopping all sounds
Closing sound system...
	Stopping all sounds
Cleaning cache
	Stopping all sounds
Cache shutdown
	FMOD closed
JA2 sound manager shutdown

 *** Wed Oct 07 19:40:09 2009 *** 

Initialising JA2 sound manager
	Using 16 channels
Init hardware...
	Using DirectSound driver: Primary Sound Driver
	Driver capabilities:
		- supports hardware accelerated 3d sound
		- supports EAX 2 reverb
	FMOD started
	Mixing rate: 44100
Init cache...
	Using 128 cache slots
	Sound memory limit = 8241152
	Cache threshold = 2054144
	Stopping all sounds
	Stopping all sounds
	Stopping all sounds
	Stopping all sounds
Closing sound system...
	Stopping all sounds
Cleaning cache
	Stopping all sounds
Cache shutdown
	FMOD closed
JA2 sound manager shutdown

 *** Wed Oct 07 20:28:37 2009 *** 

Initialising JA2 sound manager
	Using 16 channels
Init hardware...
	Using DirectSound driver: Primary Sound Driver
	Driver capabilities:
		- supports hardware accelerated 3d sound
		- supports EAX 2 reverb
	FMOD started
	Mixing rate: 44100
Init cache...
	Using 128 cache slots
	Sound memory limit = 8241152
	Cache threshold = 2054144
	Stopping all sounds
	Stopping all sounds
	Stopping all sounds
	Stopping all sounds
Closing sound system...
	Stopping all sounds
Cleaning cache
	Stopping all sounds
Cache shutdown
	FMOD closed
JA2 sound manager shutdown

 *** Wed Oct 07 20:41:09 2009 *** 

Initialising JA2 sound manager
	Using 16 channels
Init hardware...
	Using DirectSound driver: Primary Sound Driver
	Driver capabilities:
		- supports hardware accelerated 3d sound
		- supports EAX 2 reverb
	FMOD started
	Mixing rate: 44100
Init cache...
	Using 128 cache slots
	Sound memory limit = 8241152
	Cache threshold = 2054144
	Stopping all sounds
	Stopping all sounds
	Stopping all sounds
	Stopping all sounds
	Stopping all sounds
	Stopping all sounds
Closing sound system...
	Stopping all sounds
Cleaning cache
	Stopping all sounds
Cache shutdown
	FMOD closed
JA2 sound manager shutdown

 *** Wed Oct 07 22:02:27 2009 *** 

Initialising JA2 sound manager
	Using 16 channels
Init hardware...
	Using DirectSound driver: Primary Sound Driver
	Driver capabilities:
		- supports hardware accelerated 3d sound
		- supports EAX 2 reverb
	FMOD started
	Mixing rate: 44100
Init cache...
	Using 128 cache slots
	Sound memory limit = 8241152
	Cache threshold = 2054144
	Stopping all sounds
	Stopping all sounds
	Stopping all sounds
	Stopping all sounds
Closing sound system...
	Stopping all sounds
Cleaning cache
	Stopping all sounds
Cache shutdown
	FMOD closed
JA2 sound manager shutdown

 *** Wed Oct 07 23:55:49 2009 *** 

Initialising JA2 sound manager
	Using 16 channels
Init hardware...
	Using DirectSound driver: Primary Sound Driver
	Driver capabilities:
		- supports hardware accelerated 3d sound
		- supports EAX 2 reverb
	FMOD started
	Mixing rate: 44100
Init cache...
	Using 128 cache slots
	Sound memory limit = 8241152
	Cache threshold = 2054144
	Stopping all sounds
	Stopping all sounds
	Stopping all sounds
	Stopping all sounds
	Stopping all sounds
	Stopping all sounds
Closing sound system...
	Stopping all sounds
Cleaning cache
	Stopping all sounds
Cache shutdown
	FMOD closed
JA2 sound manager shutdown

 *** Thu Oct 08 19:09:08 2009 *** 

Initialising JA2 sound manager
	Using 16 channels
Init hardware...
	Using DirectSound driver: Primary Sound Driver
	Driver capabilities:
		- supports hardware accelerated 3d sound
		- supports EAX 2 reverb
	FMOD started
	Mixing rate: 44100
Init cache...
	Using 128 cache slots
	Sound memory limit = 8241152
	Cache threshold = 2054144
	Stopping all sounds
	Stopping all sounds
	Stopping all sounds
Closing sound system...
	Stopping all sounds
Cleaning cache
	Stopping all sounds
Cache shutdown
	FMOD closed
JA2 sound manager shutdown

 *** Thu Oct 08 20:18:24 2009 *** 

Initialising JA2 sound manager
	Using 16 channels
Init hardware...
	Using DirectSound driver: Primary Sound Driver
	Driver capabilities:
		- supports hardware accelerated 3d sound
		- supports EAX 2 reverb
	FMOD started
	Mixing rate: 44100
Init cache...
	Using 128 cache slots
	Sound memory limit = 8241152
	Cache threshold = 2054144
	Stopping all sounds
	Stopping all sounds
	Stopping all sounds
	Stopping all sounds
Closing sound system...
	Stopping all sounds
Cleaning cache
	Stopping all sounds
Cache shutdown
	FMOD closed
JA2 sound manager shutdown

 *** Thu Oct 08 20:39:16 2009 *** 

Initialising JA2 sound manager
	Using 16 channels
Init hardware...
	Using DirectSound driver: Primary Sound Driver
	Driver capabilities:
		- supports hardware accelerated 3d sound
		- supports EAX 2 reverb
	FMOD started
	Mixing rate: 44100
Init cache...
	Using 128 cache slots
	Sound memory limit = 8241152
	Cache threshold = 2054144
	Stopping all sounds
	Stopping all sounds
	Stopping all sounds
	Stopping all sounds
Closing sound system...
	Stopping all sounds
Cleaning cache
	Stopping all sounds
Cache shutdown
	FMOD closed
JA2 sound manager shutdown

 *** Thu Oct 08 21:13:49 2009 *** 

Initialising JA2 sound manager
	Using 16 channels
Init hardware...
	Using DirectSound driver: Primary Sound Driver
	Driver capabilities:
		- supports hardware accelerated 3d sound
		- supports EAX 2 reverb
	FMOD started
	Mixing rate: 44100
Init cache...
	Using 128 cache slots
	Sound memory limit = 8241152
	Cache threshold = 2054144
	Stopping all sounds
	Stopping all sounds
Closing sound system...
	Stopping all sounds
Cleaning cache
	Stopping all sounds
Cache shutdown
	FMOD closed
JA2 sound manager shutdown

 *** Thu Oct 08 21:16:28 2009 *** 

Initialising JA2 sound manager
	Using 16 channels
Init hardware...
	Using DirectSound driver: Primary Sound Driver
	Driver capabilities:
		- supports hardware accelerated 3d sound
		- supports EAX 2 reverb
	FMOD started
	Mixing rate: 44100
Init cache...
	Using 128 cache slots
	Sound memory limit = 8241152
	Cache threshold = 2054144
	Stopping all sounds
	Stopping all sounds
	Stopping all sounds
	Stopping all sounds
Closing sound system...
	Stopping all sounds
Cleaning cache
	Stopping all sounds
Cache shutdown
	FMOD closed
JA2 sound manager shutdown

 *** Thu Oct 08 21:28:23 2009 *** 

Initialising JA2 sound manager
	Using 16 channels
Init hardware...
	Using DirectSound driver: Primary Sound Driver
	Driver capabilities:
		- supports hardware accelerated 3d sound
		- supports EAX 2 reverb
	FMOD started
	Mixing rate: 44100
Init cache...
	Using 128 cache slots
	Sound memory limit = 8241152
	Cache threshold = 2054144
	Stopping all sounds
	Stopping all sounds
	Stopping all sounds
	Stopping all sounds
Closing sound system...
	Stopping all sounds
Cleaning cache
	Stopping all sounds
Cache shutdown
	FMOD closed
JA2 sound manager shutdown

 *** Thu Oct 08 21:36:25 2009 *** 

Initialising JA2 sound manager
	Using 16 channels
Init hardware...
	Using DirectSound driver: Primary Sound Driver
	Driver capabilities:
		- supports hardware accelerated 3d sound
		- supports EAX 2 reverb
	FMOD started
	Mixing rate: 44100
Init cache...
	Using 128 cache slots
	Sound memory limit = 8241152
	Cache threshold = 2054144
	Stopping all sounds
	Stopping all sounds
Closing sound system...
	Stopping all sounds
Cleaning cache
	Stopping all sounds
Cache shutdown
	FMOD closed
JA2 sound manager shutdown

 *** Thu Oct 08 21:36:37 2009 *** 

Initialising JA2 sound manager
	Using 16 channels
Init hardware...
	Using DirectSound driver: Primary Sound Driver
	Driver capabilities:
		- supports hardware accelerated 3d sound
		- supports EAX 2 reverb
	FMOD started
	Mixing rate: 44100
Init cache...
	Using 128 cache slots
	Sound memory limit = 8241152
	Cache threshold = 2054144
	Stopping all sounds
	Stopping all sounds
Closing sound system...
	Stopping all sounds
Cleaning cache
	Stopping all sounds
Cache shutdown
	FMOD closed
JA2 sound manager shutdown

 *** Thu Oct 08 21:47:01 2009 *** 

Initialising JA2 sound manager
	Using 16 channels
Init hardware...
	Using DirectSound driver: Primary Sound Driver
	Driver capabilities:
		- supports hardware accelerated 3d sound
		- supports EAX 2 reverb
	FMOD started
	Mixing rate: 44100
Init cache...
	Using 128 cache slots
	Sound memory limit = 8241152
	Cache threshold = 2054144
	Stopping all sounds
	Stopping all sounds
	Stopping all sounds
	Stopping all sounds
Closing sound system...
	Stopping all sounds
Cleaning cache
	Stopping all sounds
Cache shutdown
	FMOD closed
JA2 sound manager shutdown

 *** Thu Oct 08 21:50:38 2009 *** 

Initialising JA2 sound manager
	Using 16 channels
Init hardware...
	Using DirectSound driver: Primary Sound Driver
	Driver capabilities:
		- supports hardware accelerated 3d sound
		- supports EAX 2 reverb
	FMOD started
	Mixing rate: 44100
Init cache...
	Using 128 cache slots
	Sound memory limit = 8241152
	Cache threshold = 2054144
	Stopping all sounds
	Stopping all sounds
	Stopping all sounds
	Stopping all sounds
Closing sound system...
	Stopping all sounds
Cleaning cache
	Stopping all sounds
Cache shutdown
	FMOD closed
JA2 sound manager shutdown

 *** Thu Oct 08 21:56:10 2009 *** 

Initialising JA2 sound manager
	Using 16 channels
Init hardware...
	Using DirectSound driver: Primary Sound Driver
	Driver capabilities:
		- supports hardware accelerated 3d sound
		- supports EAX 2 reverb
	FMOD started
	Mixing rate: 44100
Init cache...
	Using 128 cache slots
	Sound memory limit = 8241152
	Cache threshold = 2054144
	Stopping all sounds
	Stopping all sounds
	Stopping all sounds
	Stopping all sounds
Closing sound system...
	Stopping all sounds
Cleaning cache
	Stopping all sounds
Cache shutdown
	FMOD closed
JA2 sound manager shutdown

 *** Thu Oct 08 21:56:19 2009 *** 

Initialising JA2 sound manager
	Using 16 channels
Init hardware...
	Using DirectSound driver: Primary Sound Driver
	Driver capabilities:
		- supports hardware accelerated 3d sound
		- supports EAX 2 reverb
	FMOD started
	Mixing rate: 44100
Init cache...
	Using 128 cache slots
	Sound memory limit = 8241152
	Cache threshold = 2054144
	Stopping all sounds
	Stopping all sounds
Closing sound system...
	Stopping all sounds
Cleaning cache
	Stopping all sounds
Cache shutdown
	FMOD closed
JA2 sound manager shutdown

 *** Thu Oct 08 22:19:19 2009 *** 

Initialising JA2 sound manager
	Using 16 channels
Init hardware...
	Using DirectSound driver: Primary Sound Driver
	Driver capabilities:
		- supports hardware accelerated 3d sound
		- supports EAX 2 reverb
	FMOD started
	Mixing rate: 44100
Init cache...
	Using 128 cache slots
	Sound memory limit = 8241152
	Cache threshold = 2054144
	Stopping all sounds
	Stopping all sounds
	Stopping all sounds
	Stopping all sounds
Closing sound system...
	Stopping all sounds
Cleaning cache
	Stopping all sounds
Cache shutdown
	FMOD closed
JA2 sound manager shutdown

 *** Sun Oct 11 02:42:39 2009 *** 

Initialising JA2 sound manager
	Using 16 channels
Init hardware...
	Using DirectSound driver: Primary Sound Driver
	Driver capabilities:
		- supports hardware accelerated 3d sound
		- supports EAX 2 reverb
	FMOD started
	Mixing rate: 44100
Init cache...
	Using 128 cache slots
	Sound memory limit = 8241152
	Cache threshold = 2054144
	Stopping all sounds
	Stopping all sounds
	Stopping all sounds
	Stopping all sounds
Closing sound system...
	Stopping all sounds
Cleaning cache
	Stopping all sounds
Cache shutdown
	FMOD closed
JA2 sound manager shutdown

 *** Sun Oct 11 12:47:33 2009 *** 

Initialising JA2 sound manager
	Using 16 channels
Init hardware...
	Using DirectSound driver: Primary Sound Driver
	Driver capabilities:
		- supports hardware accelerated 3d sound
		- supports EAX 2 reverb
	FMOD started
	Mixing rate: 44100
Init cache...
	Using 128 cache slots
	Sound memory limit = 8241152
	Cache threshold = 2054144
	Stopping all sounds
Closing sound system...
	Stopping all sounds
Cleaning cache
	Stopping all sounds
Cache shutdown
	FMOD closed
JA2 sound manager shutdown

 *** Sun Oct 11 12:48:05 2009 *** 

Initialising JA2 sound manager
	Using 16 channels
Init hardware...
	Using DirectSound driver: Primary Sound Driver
	Driver capabilities:
		- supports hardware accelerated 3d sound
		- supports EAX 2 reverb
	FMOD started
	Mixing rate: 44100
Init cache...
	Using 128 cache slots
	Sound memory limit = 8241152
	Cache threshold = 2054144
	Stopping all sounds
Closing sound system...
	Stopping all sounds
Cleaning cache
	Stopping all sounds
Cache shutdown
	FMOD closed
JA2 sound manager shutdown

 *** Sun Oct 11 13:11:41 2009 *** 

Initialising JA2 sound manager
	Using 16 channels
Init hardware...
	Using DirectSound driver: Primary Sound Driver
	Driver capabilities:
		- supports hardware accelerated 3d sound
		- supports EAX 2 reverb
	FMOD started
	Mixing rate: 44100
Init cache...
	Using 128 cache slots
	Sound memory limit = 8241152
	Cache threshold = 2054144
	Stopping all sounds
	Stopping all sounds
	Stopping all sounds
	Stopping all sounds
Closing sound system...
	Stopping all sounds
Cleaning cache
	Stopping all sounds
Cache shutdown
	FMOD closed
JA2 sound manager shutdown

 *** Sun Oct 11 13:36:00 2009 *** 

Initialising JA2 sound manager
	Using 16 channels
Init hardware...
	Using DirectSound driver: Primary Sound Driver
	Driver capabilities:
		- supports hardware accelerated 3d sound
		- supports EAX 2 reverb
	FMOD started
	Mixing rate: 44100
Init cache...
	Using 128 cache slots
	Sound memory limit = 8241152
	Cache threshold = 2054144
	Stopping all sounds
	Stopping all sounds
	Stopping all sounds
	Stopping all sounds
Closing sound system...
	Stopping all sounds
Cleaning cache
	Stopping all sounds
Cache shutdown
	FMOD closed
JA2 sound manager shutdown

 *** Sun Oct 11 14:36:08 2009 *** 

Initialising JA2 sound manager
	Using 16 channels
Init hardware...
	Using DirectSound driver: Primary Sound Driver
	Driver capabilities:
		- supports hardware accelerated 3d sound
		- supports EAX 2 reverb
	FMOD started
	Mixing rate: 44100
Init cache...
	Using 128 cache slots
	Sound memory limit = 8241152
	Cache threshold = 2054144
	Stopping all sounds
	Stopping all sounds
	Stopping all sounds
	Stopping all sounds
Closing sound system...
	Stopping all sounds
Cleaning cache
	Stopping all sounds
Cache shutdown
	FMOD closed
JA2 sound manager shutdown

 *** Sun Oct 11 14:39:55 2009 *** 

Initialising JA2 sound manager
	Using 16 channels
Init hardware...
	Using DirectSound driver: Primary Sound Driver
	Driver capabilities:
		- supports hardware accelerated 3d sound
		- supports EAX 2 reverb
	FMOD started
	Mixing rate: 44100
Init cache...
	Using 128 cache slots
	Sound memory limit = 8241152
	Cache threshold = 2054144
	Stopping all sounds
	Stopping all sounds
	Stopping all sounds
Closing sound system...
	Stopping all sounds
Cleaning cache
	Stopping all sounds
Cache shutdown
	FMOD closed
JA2 sound manager shutdown

 *** Sun Oct 11 23:05:58 2009 *** 

Initialising JA2 sound manager
	Using 16 channels
Init hardware...
	Using DirectSound driver: Primary Sound Driver
	Driver capabilities:
		- supports hardware accelerated 3d sound
		- supports EAX 2 reverb
	FMOD started
	Mixing rate: 44100
Init cache...
	Using 128 cache slots
	Sound memory limit = 8241152
	Cache threshold = 2054144
	Stopping all sounds
	Stopping all sounds
	Stopping all sounds
	Stopping all sounds
Closing sound system...
	Stopping all sounds
Cleaning cache
	Stopping all sounds
Cache shutdown
	FMOD closed
JA2 sound manager shutdown
